Using pre-set license
Built from '2020.3/release' branch; Version is '2020.3.7f1 (dd97f2c94397) revision 14522354'; Using compiler version '192528614'; Build Type 'Release'
OS: 'Windows 10 Home Single Language; OS build 19042.964; Version 2009; 64bit' Language: 'en' Physical Memory: 16244 MB
BatchMode: 1, IsHumanControllingUs: 0, StartBugReporterOnCrash: 0, Is64bit: 1, IsPro: 0

 COMMAND LINE ARGUMENTS:
D:\Program Files\Unity\Hub\Editor\2019.4.20f1\2020.3.7f1\Editor\Unity.exe
-adb2
-batchMode
-noUpm
-name
AssetImportWorker0
-projectPath
C:/Users/andre/OneDrive - Malta College of Arts, Science & Technology/Documents/GitHub/Connect4/Connect4/Connect4
-logFile
Logs/AssetImportWorker0.log
-srvPort
53780
Successfully changed project path to: C:/Users/andre/OneDrive - Malta College of Arts, Science & Technology/Documents/GitHub/Connect4/Connect4/Connect4
C:/Users/andre/OneDrive - Malta College of Arts, Science & Technology/Documents/GitHub/Connect4/Connect4/Connect4
Using Asset Import Pipeline V2.
Refreshing native plugins compatible for Editor in 35.22 ms, found 1 plugins.
Preloading 0 native plugins for Editor in 0.00 ms.
Initialize engine version: 2020.3.7f1 (dd97f2c94397)
[Subsystems] Discovering subsystems at path D:/Program Files/Unity/Hub/Editor/2019.4.20f1/2020.3.7f1/Editor/Data/Resources/UnitySubsystems
[Subsystems] Discovering subsystems at path C:/Users/andre/OneDrive - Malta College of Arts, Science & Technology/Documents/GitHub/Connect4/Connect4/Connect4/Assets
GfxDevice: creating device client; threaded=0
Direct3D:
    Version:  Direct3D 11.0 [level 11.1]
    Renderer: NVIDIA GeForce GTX 1050 (ID=0x1c8d)
    Vendor:   
    VRAM:     4019 MB
    Driver:   27.21.14.6627
Initialize mono
Mono path[0] = 'D:/Program Files/Unity/Hub/Editor/2019.4.20f1/2020.3.7f1/Editor/Data/Managed'
Mono path[1] = 'D:/Program Files/Unity/Hub/Editor/2019.4.20f1/2020.3.7f1/Editor/Data/MonoBleedingEdge/lib/mono/unityjit'
Mono config path = 'D:/Program Files/Unity/Hub/Editor/2019.4.20f1/2020.3.7f1/Editor/Data/MonoBleedingEdge/etc'
Using monoOptions --debugger-agent=transport=dt_socket,embedding=1,server=y,suspend=n,address=127.0.0.1:56808
Begin MonoManager ReloadAssembly
Registering precompiled unity dll's ...
Register platform support module: D:/Program Files/Unity/Hub/Editor/2019.4.20f1/2020.3.7f1/Editor/Data/PlaybackEngines/WebGLSupport/UnityEditor.WebGL.Extensions.dll
Register platform support module: D:/Program Files/Unity/Hub/Editor/2019.4.20f1/2020.3.7f1/Editor/Data/PlaybackEngines/WindowsStandaloneSupport/UnityEditor.WindowsStandalone.Extensions.dll
Registered in 0.005010 seconds.
Native extension for WindowsStandalone target not found
Native extension for WebGL target not found
Refreshing native plugins compatible for Editor in 35.98 ms, found 1 plugins.
Preloading 0 native plugins for Editor in 0.00 ms.
Mono: successfully reloaded assembly
- Completed reload, in  2.490 seconds
Platform modules already initialized, skipping
Registering precompiled user dll's ...
Registered in 0.001217 seconds.
Begin MonoManager ReloadAssembly
Native extension for WindowsStandalone target not found
Native extension for WebGL target not found
Refreshing native plugins compatible for Editor in 36.04 ms, found 1 plugins.
Preloading 0 native plugins for Editor in 0.00 ms.
Mono: successfully reloaded assembly
- Completed reload, in  0.997 seconds
Platform modules already initialized, skipping
========================================================================
Worker process is ready to serve import requests
Launched and connected shader compiler UnityShaderCompiler.exe after 0.04 seconds
Refreshing native plugins compatible for Editor in 0.31 ms, found 1 plugins.
Preloading 0 native plugins for Editor in 0.00 ms.
Unloading 1810 Unused Serialized files (Serialized files now loaded: 0)
System memory in use before: 85.8 MB.
System memory in use after: 85.7 MB.

Unloading 24 unused Assets to reduce memory usage. Loaded Objects now: 2252.
Total: 2.240900 ms (FindLiveObjects: 0.191500 ms CreateObjectMapping: 0.318400 ms MarkObjects: 1.599300 ms  DeleteObjects: 0.130800 ms)

========================================================================
Received Import Request.
  path: Assets/Scripts/InputField.cs
  artifactKey: Guid(f5b3441427330f743b757b01c5085bcb) Importer(815301076,1909f56bfc062723c751e8b465ee728b)
Start importing Assets/Scripts/InputField.cs using Guid(f5b3441427330f743b757b01c5085bcb) Importer(815301076,1909f56bfc062723c751e8b465ee728b)  -> (artifact id: 'aed0bfd6d2b9563c2fdbd8793a6274a9') in 0.073491 seconds
  Import took 0.076301 seconds .

========================================================================
Received Import Request.
  Time since last request: 24.721270 seconds.
  path: Assets/Scripts/GameManager.prefab
  artifactKey: Guid(09b9f5f8db026a5469d6b892dd5771df) Importer(815301076,1909f56bfc062723c751e8b465ee728b)
Start importing Assets/Scripts/GameManager.prefab using Guid(09b9f5f8db026a5469d6b892dd5771df) Importer(815301076,1909f56bfc062723c751e8b465ee728b)  -> (artifact id: '613973f7ce1f49b25ac34e0edd261fd6') in 0.045544 seconds
  Import took 0.048608 seconds .

========================================================================
Received Import Request.
  Time since last request: 105.177050 seconds.
  path: Assets/Scripts/GameManager.prefab
  artifactKey: Guid(09b9f5f8db026a5469d6b892dd5771df) Importer(815301076,1909f56bfc062723c751e8b465ee728b)
Start importing Assets/Scripts/GameManager.prefab using Guid(09b9f5f8db026a5469d6b892dd5771df) Importer(815301076,1909f56bfc062723c751e8b465ee728b)  -> (artifact id: '68236c5e5e72748fa1cb96cfb98aa3b7') in 0.009605 seconds
  Import took 0.013269 seconds .

========================================================================
Received Import Request.
  Time since last request: 0.000726 seconds.
  path: Assets/Scripts/GameManager.prefab
  artifactKey: Guid(09b9f5f8db026a5469d6b892dd5771df) Importer(815301076,1909f56bfc062723c751e8b465ee728b)
Start importing Assets/Scripts/GameManager.prefab using Guid(09b9f5f8db026a5469d6b892dd5771df) Importer(815301076,1909f56bfc062723c751e8b465ee728b)  -> (artifact id: '68236c5e5e72748fa1cb96cfb98aa3b7') in 0.005790 seconds
  Import took 0.009508 seconds .

========================================================================
Received Import Request.
  Time since last request: 166.455226 seconds.
  path: Assets/GameManager.prefab
  artifactKey: Guid(ee58ee30620305e4bbfa4b53a5b6dde8) Importer(815301076,1909f56bfc062723c751e8b465ee728b)
Start importing Assets/GameManager.prefab using Guid(ee58ee30620305e4bbfa4b53a5b6dde8) Importer(815301076,1909f56bfc062723c751e8b465ee728b)  -> (artifact id: 'f23dfe9e881a97793a541544110a21e3') in 0.006113 seconds
  Import took 0.009863 seconds .

========================================================================
Received Import Request.
  Time since last request: 0.010612 seconds.
  path: Assets/GameManager.prefab
  artifactKey: Guid(ee58ee30620305e4bbfa4b53a5b6dde8) Importer(815301076,1909f56bfc062723c751e8b465ee728b)
Start importing Assets/GameManager.prefab using Guid(ee58ee30620305e4bbfa4b53a5b6dde8) Importer(815301076,1909f56bfc062723c751e8b465ee728b)  -> (artifact id: 'f23dfe9e881a97793a541544110a21e3') in 0.005325 seconds
  Import took 0.008873 seconds .

========================================================================
Received Import Request.
  Time since last request: 36.654014 seconds.
  path: Assets/Scripts/GameManager.cs
  artifactKey: Guid(7c0df568c116b804fa25f3ca1ae9b3ba) Importer(815301076,1909f56bfc062723c751e8b465ee728b)
Start importing Assets/Scripts/GameManager.cs using Guid(7c0df568c116b804fa25f3ca1ae9b3ba) Importer(815301076,1909f56bfc062723c751e8b465ee728b)  -> (artifact id: '13535972afc25cf42755a4a8878717e1') in 0.002774 seconds
  Import took 0.005377 seconds .

========================================================================
Received Import Request.
  Time since last request: 0.109776 seconds.
  path: Assets/Scripts/GameManager.cs
  artifactKey: Guid(7c0df568c116b804fa25f3ca1ae9b3ba) Importer(815301076,1909f56bfc062723c751e8b465ee728b)
Start importing Assets/Scripts/GameManager.cs using Guid(7c0df568c116b804fa25f3ca1ae9b3ba) Importer(815301076,1909f56bfc062723c751e8b465ee728b)  -> (artifact id: '13535972afc25cf42755a4a8878717e1') in 0.003021 seconds
  Import took 0.005863 seconds .

========================================================================
Received Prepare
Registering precompiled user dll's ...
Registered in 0.001370 seconds.
Begin MonoManager ReloadAssembly
Native extension for WindowsStandalone target not found
Native extension for WebGL target not found
Refreshing native plugins compatible for Editor in 0.72 ms, found 1 plugins.
Preloading 0 native plugins for Editor in 0.00 ms.
Mono: successfully reloaded assembly
- Completed reload, in  0.888 seconds
Platform modules already initialized, skipping
Refreshing native plugins compatible for Editor in 0.35 ms, found 1 plugins.
Preloading 0 native plugins for Editor in 0.00 ms.
Unloading 1805 Unused Serialized files (Serialized files now loaded: 0)
System memory in use before: 85.7 MB.
System memory in use after: 85.7 MB.

Unloading 12 unused Assets to reduce memory usage. Loaded Objects now: 2256.
Total: 1.885200 ms (FindLiveObjects: 0.180700 ms CreateObjectMapping: 0.067600 ms MarkObjects: 1.533300 ms  DeleteObjects: 0.101900 ms)

========================================================================
Received Import Request.
  Time since last request: 195.647870 seconds.
  path: Assets/Scripts/GameManager.prefab
  artifactKey: Guid(09b9f5f8db026a5469d6b892dd5771df) Importer(815301076,1909f56bfc062723c751e8b465ee728b)
Start importing Assets/Scripts/GameManager.prefab using Guid(09b9f5f8db026a5469d6b892dd5771df) Importer(815301076,1909f56bfc062723c751e8b465ee728b)  -> (artifact id: '429d7c37bc8665802e332c5853532c68') in 0.028112 seconds
  Import took 0.031613 seconds .

========================================================================
Received Import Request.
  Time since last request: 0.002841 seconds.
  path: Assets/Scripts/GameManager.prefab
  artifactKey: Guid(09b9f5f8db026a5469d6b892dd5771df) Importer(815301076,1909f56bfc062723c751e8b465ee728b)
Start importing Assets/Scripts/GameManager.prefab using Guid(09b9f5f8db026a5469d6b892dd5771df) Importer(815301076,1909f56bfc062723c751e8b465ee728b)  -> (artifact id: '429d7c37bc8665802e332c5853532c68') in 0.006587 seconds
  Import took 0.009954 seconds .

========================================================================
Received Prepare
Registering precompiled user dll's ...
Registered in 0.000980 seconds.
Begin MonoManager ReloadAssembly
Native extension for WindowsStandalone target not found
Native extension for WebGL target not found
Refreshing native plugins compatible for Editor in 0.32 ms, found 1 plugins.
Preloading 0 native plugins for Editor in 0.00 ms.
Mono: successfully reloaded assembly
- Completed reload, in  0.916 seconds
Platform modules already initialized, skipping
Refreshing native plugins compatible for Editor in 0.35 ms, found 1 plugins.
Preloading 0 native plugins for Editor in 0.00 ms.
Unloading 1805 Unused Serialized files (Serialized files now loaded: 0)
System memory in use before: 85.8 MB.
System memory in use after: 85.7 MB.

Unloading 12 unused Assets to reduce memory usage. Loaded Objects now: 2260.
Total: 1.997700 ms (FindLiveObjects: 0.198800 ms CreateObjectMapping: 0.070400 ms MarkObjects: 1.633100 ms  DeleteObjects: 0.094100 ms)

AssetImportWorkerClient::OnTransportError - code=2 error=End of file
